<?xml version="1.0" encoding="UTF-8" ?>
<testsuites>
<testsuite name="Addition" errors="0" tests="1" failures="0" time="0.004" timestamp="2021-06-22T13:10:17">
  <testcase classname="Addition" name="The function should add 2 numbers" time="0.003"></testcase>
</testsuite>
</testsuites>