<?xml version="1.0" encoding="UTF-8" ?>
<testsuites>
<testsuite name="Fetch Workouts /" errors="0" tests="1" failures="0" time="0.091" timestamp="2021-06-22T13:10:17">
  <testcase classname="Fetch Workouts /" name="returns status code 200" time="0.091"></testcase>
</testsuite>
</testsuites>